<?xml version="1.1" encoding="UTF-8"?>
<testsuite name="TriangleTest" tests="15" failures="0" errors="0" timestamp="2017-02-08T11:47:38" hostname="unb-x-anto" time="0.007">
  <properties/>
  <testcase name="isoscelesTrianglesHaveLastTwoSidesEqual" classname="TriangleTest" time="0.002"/>
  <testcase name="equilateralTriangleHaveEqualSides" classname="TriangleTest" time="0.0"/>
  <testcase name="trianglesViolatingTriangleInequalityAreIllegal" classname="TriangleTest" time="0.0"/>
  <testcase name="scaleneTrianglesHaveNoEqualSides" classname="TriangleTest" time="0.001"/>
  <testcase name="isoscelesTrianglesHaveFirstAndLastSidesEqual" classname="TriangleTest" time="0.0"/>
  <testcase name="trianglesWithNegativeSidesAreIllegal" classname="TriangleTest" time="0.0"/>
  <testcase name="isoscelesTrianglesHaveInFactExactlyTwoSidesEqual" classname="TriangleTest" time="0.0"/>
  <testcase name="verySmallTrianglesAreLegal" classname="TriangleTest" time="0.0"/>
  <testcase name="scaleneTrianglesHaveNoEqualSidesAtLargerScaleEither" classname="TriangleTest" time="0.0"/>
  <testcase name="trianglesWithNoSizeAreIllegal" classname="TriangleTest" time="0.0"/>
  <testcase name="isoscelesTrianglesHaveTwoFirstSidesEqual" classname="TriangleTest" time="0.0"/>
  <testcase name="trianglesViolatingTriangleInequalityAreIllegal2" classname="TriangleTest" time="0.0"/>
  <testcase name="trianglesViolatingTriangleInequalityAreIllegal3" classname="TriangleTest" time="0.001"/>
  <testcase name="scaleneTrianglesHaveNoEqualSidesInDescendingOrderEither" classname="TriangleTest" time="0.0"/>
  <testcase name="largerEquilateralTrianglesAlsoHaveEqualSides" classname="TriangleTest" time="0.0"/>
  <system-out><![CDATA[]]></system-out>
  <system-err><![CDATA[]]></system-err>
</testsuite>
